Success (2):
datatype 8392 {urn:com:appian:types:LMS}LMS_Leave "{urn:com:appian:types:LMS}LMS_Leave"
application 57501 _a-0000e3af-03c7-8000-9ba2-011c48011c48_1094896 "AB Leave Management System"

Trace:
2020-04-20 16:43:17.368 DEBUG application 57501 _a-0000e3af-03c7-8000-9ba2-011c48011c48_1094896 Begin transport.
2020-04-20 16:43:17.368 DEBUG application 57501 _a-0000e3af-03c7-8000-9ba2-011c48011c48_1094896 Retrieving object data.
2020-04-20 16:43:17.372 DEBUG application 57501 _a-0000e3af-03c7-8000-9ba2-011c48011c48_1094896 App associated objects: [datatype=[{urn:com:appian:types:LMS}LMS_Leave]]
2020-04-20 16:43:17.372 DEBUG application 57501 _a-0000e3af-03c7-8000-9ba2-011c48011c48_1094896 Invalid associated objects: []
2020-04-20 16:43:17.373 DEBUG application 57501 _a-0000e3af-03c7-8000-9ba2-011c48011c48_1094896 Adding valid associated objects to be exported: GlobalBindingMap[datatype={{urn:com:appian:types:LMS}LMS_Leave=8392}]
2020-04-20 16:43:17.373 DEBUG application 57501 _a-0000e3af-03c7-8000-9ba2-011c48011c48_1094896 Setting uuids of object references.
2020-04-20 16:43:17.373 DEBUG application 57501 _a-0000e3af-03c7-8000-9ba2-011c48011c48_1094896 Processing reference: Application.forum
2020-04-20 16:43:17.373 DEBUG application 57501 _a-0000e3af-03c7-8000-9ba2-011c48011c48_1094896 Processing reference: Application.parent
2020-04-20 16:43:17.375 DEBUG application 57501 _a-0000e3af-03c7-8000-9ba2-011c48011c48_1094896 Processing reference: com.appiancorp.suiteapi.content.ContentRoleMap@264762df[
  ContentRole[name=readers,inherit=false,allowForAll=false]
  ContentRole[name=authors,inherit=false,allowForAll=false]
  ContentRole[name=administrators,inherit=false,allowForAll=false]
  ContentRole[name=denyReaders,inherit=false,allowForAll=false]
  ContentRole[name=denyAuthors,inherit=false,allowForAll=false]
  ContentRole[name=denyAdministrators,inherit=false,allowForAll=false]
  securityVector=1:SEC_PUBLIC=true,SEC_CREATOR_ADMIN=false,SEC_INH_ADMIN=false,SEC_INH_EDITOR=false,SEC_INH_VIEWER=false,SEC_ALL_ADMIN=false,SEC_ALL_EDITOR=false,SEC_ALL_VIEWER=false
]
2020-04-20 16:43:17.375 DEBUG application 57501 _a-0000e3af-03c7-8000-9ba2-011c48011c48_1094896 Processing reference: ContentRole[name=readers,inherit=false,allowForAll=false]
2020-04-20 16:43:17.375 DEBUG application 57501 _a-0000e3af-03c7-8000-9ba2-011c48011c48_1094896 Processing reference: ContentRole[name=authors,inherit=false,allowForAll=false]
2020-04-20 16:43:17.375 DEBUG application 57501 _a-0000e3af-03c7-8000-9ba2-011c48011c48_1094896 Processing reference: ContentRole[name=administrators,inherit=false,allowForAll=false]
2020-04-20 16:43:17.375 DEBUG application 57501 _a-0000e3af-03c7-8000-9ba2-011c48011c48_1094896 Processing reference: ContentRole[name=denyReaders,inherit=false,allowForAll=false]
2020-04-20 16:43:17.375 DEBUG application 57501 _a-0000e3af-03c7-8000-9ba2-011c48011c48_1094896 Processing reference: ContentRole[name=denyAuthors,inherit=false,allowForAll=false]
2020-04-20 16:43:17.375 DEBUG application 57501 _a-0000e3af-03c7-8000-9ba2-011c48011c48_1094896 Processing reference: ContentRole[name=denyAdministrators,inherit=false,allowForAll=false]
2020-04-20 16:43:17.375 DEBUG datatype 8392 {urn:com:appian:types:LMS}LMS_Leave Begin transport.
2020-04-20 16:43:17.375 DEBUG datatype 8392 {urn:com:appian:types:LMS}LMS_Leave Retrieving object data.
2020-04-20 16:43:17.396 DEBUG datatype 8392 {urn:com:appian:types:LMS}LMS_Leave Setting uuids of object references.
2020-04-20 16:43:17.397 DEBUG datatype 8392 {urn:com:appian:types:LMS}LMS_Leave Completing produce.
2020-04-20 16:43:17.397 DEBUG datatype 8392 {urn:com:appian:types:LMS}LMS_Leave Exporting binary resources.
2020-04-20 16:43:17.397 DEBUG datatype 8392 {urn:com:appian:types:LMS}LMS_Leave Serializing object to XML.
2020-04-20 16:43:17.401 DEBUG datatype 8392 {urn:com:appian:types:LMS}LMS_Leave Object transported.
2020-04-20 16:43:17.401 DEBUG application 57501 _a-0000e3af-03c7-8000-9ba2-011c48011c48_1094896 Completing produce.
2020-04-20 16:43:17.401 DEBUG application 57501 _a-0000e3af-03c7-8000-9ba2-011c48011c48_1094896 Exporting binary resources.
2020-04-20 16:43:17.401 DEBUG application 57501 _a-0000e3af-03c7-8000-9ba2-011c48011c48_1094896 Serializing object to XML.
2020-04-20 16:43:17.408 DEBUG application 57501 _a-0000e3af-03c7-8000-9ba2-011c48011c48_1094896 Object transported.
